#
# A fatal error has been detected by the Java Runtime Environment:
#
#  Internal Error (javaClasses.cpp:129), pid=6836, tid=1372
#  fatal error: Invalid layout of preloaded class
#
# JRE version: 7.0_21-b11
# Java VM: Java HotSpot(TM) Client VM (23.21-b01 mixed mode windows-x86 )
# Failed to write core dump. Minidumps are not enabled by default on client versions of Windows
#
# If you would like to submit a bug report, please visit:
#   http://bugreport.sun.com/bugreport/crash.jsp
#

---------------  T H R E A D  ---------------

Current thread (0x0183b400):  JavaThread "Unknown thread" [_thread_in_vm, id=1372, stack(0x01710000,0x01760000)]

Stack: [0x01710000,0x01760000],  sp=0x0175f6c0,  free space=317k
Native frames: (J=compiled Java code, j=interpreted, Vv=VM code, C=native code)
V  [jvm.dll+0x170511]
V  [jvm.dll+0x16a6b6]
V  [jvm.dll+0x2082f]
V  [jvm.dll+0x208b6]
V  [jvm.dll+0x2e5dd]
V  [jvm.dll+0x2e889]
V  [jvm.dll+0x77bd1]
V  [jvm.dll+0x77f8b]
V  [jvm.dll+0x12a1b1]
V  [jvm.dll+0x14ac6a]
V  [jvm.dll+0xa9eef]
C  [javaw.exe+0x13ca]
C  [javaw.exe+0x1e3c]
C  [javaw.exe+0xa5b1]
C  [javaw.exe+0xa63b]
C  [kernel32.dll+0x4ed6c]  BaseThreadInitThunk+0x12
C  [ntdll.dll+0x6377b]  RtlInitializeExceptionChain+0xef
C  [ntdll.dll+0x6374e]  RtlInitializeExceptionChain+0xc2


---------------  P R O C E S S  ---------------

Java Threads: ( => current thread )

Other Threads:

=>0x0183b400 (exited) JavaThread "Unknown thread" [_thread_in_vm, id=1372, stack(0x01710000,0x01760000)]

VM state:not at safepoint (not fully initialized)

VM Mutex/Monitor currently owned by a thread: None

GC Heap History (0 events):
No events

Deoptimization events (0 events):
No events

Internal exceptions (0 events):
No events

Events (10 events):
Event: 0.011 loading class 0x01863ab0 done
Event: 0.012 loading class 0x0183fc78 done
Event: 0.012 loading class 0x0183fc50
Event: 0.012 loading class 0x018d8158
Event: 0.012 loading class 0x018d8158 done
Event: 0.012 loading class 0x018d8190
Event: 0.012 loading class 0x018d8190 done
Event: 0.012 loading class 0x018ce398
Event: 0.012 loading class 0x018ce398 done
Event: 0.012 loading class 0x0183fc50 done


Dynamic libraries:
0x00320000 - 0x0034f000 	C:\Program Files\Java\jre7\bin\javaw.exe
0x77650000 - 0x7778c000 	C:\windows\SYSTEM32\ntdll.dll
0x768c0000 - 0x76994000 	C:\windows\system32\kernel32.dll
0x74ce0000 - 0x74d2b000 	C:\windows\system32\KERNELBASE.dll
0x75230000 - 0x752d0000 	C:\windows\system32\ADVAPI32.dll
0x753e0000 - 0x7548c000 	C:\windows\system32\msvcrt.dll
0x75210000 - 0x75229000 	C:\windows\SYSTEM32\sechost.dll
0x75550000 - 0x755f1000 	C:\windows\system32\RPCRT4.dll
0x75600000 - 0x756c9000 	C:\windows\system32\USER32.dll
0x76870000 - 0x768be000 	C:\windows\system32\GDI32.dll
0x77790000 - 0x7779a000 	C:\windows\system32\LPK.dll
0x74fb0000 - 0x7504d000 	C:\windows\system32\USP10.dll
0x733f0000 - 0x7358e000 	C:\windows\WinSxS\x86_microsoft.windows.common-controls_6595b64144ccf1df_6.0.7601.17514_none_41e6975e2bd6f2b2\COMCTL32.dll
0x75490000 - 0x754e7000 	C:\windows\system32\SHLWAPI.dll
0x74f90000 - 0x74faf000 	C:\windows\system32\IMM32.DLL
0x75310000 - 0x753dc000 	C:\windows\system32\MSCTF.dll
0x5cf40000 - 0x5cffe000 	C:\Program Files\Java\jre7\bin\msvcr100.dll
0x5a930000 - 0x5ac7f000 	C:\Program Files\Java\jre7\bin\client\jvm.dll
0x73120000 - 0x73127000 	C:\windows\system32\WSOCK32.dll
0x75a40000 - 0x75a75000 	C:\windows\system32\WS2_32.dll
0x75300000 - 0x75306000 	C:\windows\system32\NSI.dll
0x73e90000 - 0x73ec2000 	C:\windows\system32\WINMM.dll
0x756d0000 - 0x756d5000 	C:\windows\system32\PSAPI.DLL
0x5b190000 - 0x5b19c000 	C:\Program Files\Java\jre7\bin\verify.dll
0x5b170000 - 0x5b190000 	C:\Program Files\Java\jre7\bin\java.dll
0x5b150000 - 0x5b163000 	C:\Program Files\Java\jre7\bin\zip.dll
0x6c440000 - 0x6c52b000 	C:\windows\system32\dbghelp.dll

VM Arguments:
jvm_args: -Dfile.encoding=Cp1252 -Xbootclasspath:C:\Program Files\eclipse\sdk\platforms\android-17\android.jar 
java_command: org.eclipse.jdt.internal.junit.runner.RemoteTestRunner -version 3 -port 51289 -testLoaderClass org.eclipse.jdt.internal.junit4.runner.JUnit4TestLoader -loaderpluginname org.eclipse.jdt.junit4.runtime -classNames AllTests
Launcher Type: SUN_STANDARD

Environment Variables:
CLASSPATH=;C:\RailsInstaller\Ruby1.9.3\bin
PATH=C:/Program Files/Java/jre7/bin/client;C:/Program Files/Java/jre7/bin;C:/Program Files/Java/jre7/lib/i386;C:\RailsInstaller\Ruby1.9.3\bin;C:\Program Files\nodejs\;C:\Program Files\Sublime Text 2;C:\RailsInstaller\Ruby1.9.3\bin;C:\Program Files\nodejs\;C:\Program Files\Sublime Text 2;C:\RailsInstaller\Ruby1.9.3\lib\ruby\gems\1.9.1\cache;C:\Users\Probook\AppData\Roaming\npm;C:\Program Files\Git\bin;C:\Program Files\Java\jre7\bin;C:\Program Files\eclipse;
USERNAME=Probook
OS=Windows_NT
PROCESSOR_IDENTIFIER=x86 Family 6 Model 37 Stepping 2, GenuineIntel



---------------  S Y S T E M  ---------------

OS: Windows 7 Build 7601 Service Pack 1

CPU:total 4 (2 cores per cpu, 2 threads per core) family 6 model 37 stepping 2, cmov, cx8, fxsr, mmx, sse, sse2, sse3, ssse3, sse4.1, sse4.2, popcnt, ht, tsc, tscinvbit

Memory: 4k page, physical 1949112k(241032k free), swap 3898224k(1352564k free)

vm_info: Java HotSpot(TM) Client VM (23.21-b01) for windows-x86 JRE (1.7.0_21-b11), built on Apr  4 2013 04:43:10 by "java_re" with unknown MS VC++:1600

time: Wed Jun 12 13:34:41 2013
elapsed time: 0 seconds

